-------------------------------------------------------------------------------
Test set: com.hoang.component_classes.HistoryComponentTest
-------------------------------------------------------------------------------
Tests run: 4, Failures: 0, Errors: 4, Skipped: 0, Time elapsed: 0 s <<< FAILURE! - in com.hoang.component_classes.HistoryComponentTest
whenLastHistoryEqualRecentlyHistoryThenAddHistorySuccess  Time elapsed: 0 s  <<< ERROR!
java.lang.NullPointerException: Cannot invoke "org.springframework.context.ApplicationContext.getBean(String)" because "com.hoang.util_classes.DrawingProgram.mainAppContext" is null
	at com.hoang.component_classes.HistoryComponentTest.setUp(HistoryComponentTest.java:17)

whenLastHistoryEqualSecondRecentlyHistoryThenGetAndRemoveLastHistorySuccess  Time elapsed: 0 s  <<< ERROR!
java.lang.NullPointerException: Cannot invoke "org.springframework.context.ApplicationContext.getBean(String)" because "com.hoang.util_classes.DrawingProgram.mainAppContext" is null
	at com.hoang.component_classes.HistoryComponentTest.setUp(HistoryComponentTest.java:17)

whenLastHistoryEqualRecentlyHistoryThenGetLastHistorySuccess  Time elapsed: 0 s  <<< ERROR!
java.lang.NullPointerException: Cannot invoke "org.springframework.context.ApplicationContext.getBean(String)" because "com.hoang.util_classes.DrawingProgram.mainAppContext" is null
	at com.hoang.component_classes.HistoryComponentTest.setUp(HistoryComponentTest.java:17)

whenHistoryEmptyThenLastHistoryIsNull  Time elapsed: 0 s  <<< ERROR!
java.lang.NullPointerException: Cannot invoke "org.springframework.context.ApplicationContext.getBean(String)" because "com.hoang.util_classes.DrawingProgram.mainAppContext" is null
	at com.hoang.component_classes.HistoryComponentTest.setUp(HistoryComponentTest.java:17)

