-------------------------------------------------------------------------------
Test set: com.hoang.component_classes.TestCanvasComponent
-------------------------------------------------------------------------------
Tests run: 1, Failures: 1, Errors: 0, Skipped: 0, Time elapsed: 0.001 s <<< FAILURE! - in com.hoang.component_classes.TestCanvasComponent
testSetColorAtPoint(com.hoang.component_classes.TestCanvasComponent)  Time elapsed: 0 s  <<< FAILURE!
java.lang.AssertionError
	at com.hoang.component_classes.TestCanvasComponent.testSetColorAtPoint(TestCanvasComponent.java:18)

