-------------------------------------------------------------------------------
Test set: com.hoang.component_classes.BucketFillComponentTest
-------------------------------------------------------------------------------
Tests run: 2, Failures: 0, Errors: 2, Skipped: 0, Time elapsed: 0 s <<< FAILURE! - in com.hoang.component_classes.BucketFillComponentTest
whenPointInsideCanvasThenBucketFillSuccess  Time elapsed: 0 s  <<< ERROR!
java.lang.NullPointerException: Cannot invoke "org.springframework.context.ApplicationContext.getBean(String)" because "com.hoang.util_classes.DrawingProgram.mainAppContext" is null
	at com.hoang.component_classes.BucketFillComponentTest.whenPointInsideCanvasThenBucketFillSuccess(BucketFillComponentTest.java:19)

whenPointOutsideCanvasThenBucketFillFail  Time elapsed: 0 s  <<< ERROR!
java.lang.NullPointerException: Cannot invoke "org.springframework.context.ApplicationContext.getBean(String)" because "com.hoang.util_classes.DrawingProgram.mainAppContext" is null
	at com.hoang.component_classes.BucketFillComponentTest.whenPointOutsideCanvasThenBucketFillFail(BucketFillComponentTest.java:82)

