-------------------------------------------------------------------------------
Test set: com.hoang.component_classes.LineComponentTest
-------------------------------------------------------------------------------
Tests run: 3, Failures: 0, Errors: 1, Skipped: 0, Time elapsed: 0.007 s <<< FAILURE! - in com.hoang.component_classes.LineComponentTest
whenDrawLineInsideCanvasOnCanvasThenCanvasDrawLine  Time elapsed: 0.004 s  <<< ERROR!
java.lang.NullPointerException: Cannot invoke "com.hoang.component_classes.CanvasComponent.getColorAtPoint(int, int)" because "mainCanvas" is null
	at com.hoang.component_classes.LineComponentTest.whenDrawLineInsideCanvasOnCanvasThenCanvasDrawLine(LineComponentTest.java:21)

