-------------------------------------------------------------------------------
Test set: com.hoang.component_classes.UndoComponentTest
-------------------------------------------------------------------------------
Tests run: 1, Failures: 0, Errors: 1, Skipped: 0, Time elapsed: 0.001 s <<< FAILURE! - in com.hoang.component_classes.UndoComponentTest
whenEnterXCommandAndEnterUndoThenRemainXMinus1Command  Time elapsed: 0 s  <<< ERROR!
java.lang.NullPointerException: Cannot invoke "org.springframework.context.ApplicationContext.getBean(String)" because "com.hoang.util_classes.DrawingProgram.mainAppContext" is null
	at com.hoang.component_classes.UndoComponentTest.setUp(UndoComponentTest.java:15)

